2013-06-04 15:45:16 [ ArgumentTest.java:23 ] - [ INFO ] alphaArg1 count:0
2013-06-04 16:40:47 [ EduerSpider.java:29 ] - [ INFO ] Configuration file: crawler_joa_config.xml
2013-06-04 16:42:11 [ EduerSpider.java:29 ] - [ INFO ] Configuration file: crawler_joa_config.xml
2013-06-04 16:42:11 [ Configuration.java:84 ] - [ ERROR ] configuration file parse failed:
org.dom4j.DocumentException: crawler_joa_config.xml (No such file or directory) Nested exception: crawler_joa_config.xml (No such file or directory)
	at org.dom4j.io.SAXReader.read(SAXReader.java:266)
	at com.gozap.spider.conf.Configuration.load(Configuration.java:68)
	at com.gozap.spider.EduerSpider.main(EduerSpider.java:31)
Nested exception: 
java.io.FileNotFoundException: crawler_joa_config.xml (No such file or directory)
	at java.io.FileInputStream.open(Native Method)
	at java.io.FileInputStream.<init>(FileInputStream.java:120)
	at org.dom4j.io.SAXReader.read(SAXReader.java:243)
	at com.gozap.spider.conf.Configuration.load(Configuration.java:68)
	at com.gozap.spider.EduerSpider.main(EduerSpider.java:31)
2013-06-04 16:46:50 [ EduerSpider.java:29 ] - [ INFO ] Configuration file: crawler_joa_config.xml
2013-06-04 16:46:50 [ Configuration.java:84 ] - [ ERROR ] configuration file parse failed:
org.dom4j.DocumentException: crawler_joa_config.xml (No such file or directory) Nested exception: crawler_joa_config.xml (No such file or directory)
	at org.dom4j.io.SAXReader.read(SAXReader.java:266)
	at com.gozap.spider.conf.Configuration.load(Configuration.java:68)
	at com.gozap.spider.EduerSpider.main(EduerSpider.java:31)
	at sun.reflect.NativeMethodAccessorImpl.invoke0(Native Method)
	at sun.reflect.NativeMethodAccessorImpl.invoke(NativeMethodAccessorImpl.java:39)
	at sun.reflect.DelegatingMethodAccessorImpl.invoke(DelegatingMethodAccessorImpl.java:25)
	at java.lang.reflect.Method.invoke(Method.java:597)
	at com.intellij.rt.execution.application.AppMain.main(AppMain.java:120)
Nested exception: 
java.io.FileNotFoundException: crawler_joa_config.xml (No such file or directory)
	at java.io.FileInputStream.open(Native Method)
	at java.io.FileInputStream.<init>(FileInputStream.java:120)
	at org.dom4j.io.SAXReader.read(SAXReader.java:243)
	at com.gozap.spider.conf.Configuration.load(Configuration.java:68)
	at com.gozap.spider.EduerSpider.main(EduerSpider.java:31)
	at sun.reflect.NativeMethodAccessorImpl.invoke0(Native Method)
	at sun.reflect.NativeMethodAccessorImpl.invoke(NativeMethodAccessorImpl.java:39)
	at sun.reflect.DelegatingMethodAccessorImpl.invoke(DelegatingMethodAccessorImpl.java:25)
	at java.lang.reflect.Method.invoke(Method.java:597)
	at com.intellij.rt.execution.application.AppMain.main(AppMain.java:120)
2013-06-04 16:48:13 [ EduerSpider.java:29 ] - [ INFO ] Configuration file: crawler_joa_config.xml
2013-06-04 16:48:13 [ Configuration.java:84 ] - [ ERROR ] configuration file parse failed:
java.lang.Exception: invalid configuration file.
	at com.gozap.spider.conf.Configuration.load(Configuration.java:72)
	at com.gozap.spider.EduerSpider.main(EduerSpider.java:31)
	at sun.reflect.NativeMethodAccessorImpl.invoke0(Native Method)
	at sun.reflect.NativeMethodAccessorImpl.invoke(NativeMethodAccessorImpl.java:39)
	at sun.reflect.DelegatingMethodAccessorImpl.invoke(DelegatingMethodAccessorImpl.java:25)
	at java.lang.reflect.Method.invoke(Method.java:597)
	at com.intellij.rt.execution.application.AppMain.main(AppMain.java:120)
2013-06-04 16:49:35 [ EduerSpider.java:29 ] - [ INFO ] Configuration file: crawler_joa_config.xml
2013-06-04 16:49:35 [ Configuration.java:84 ] - [ ERROR ] configuration file parse failed:
java.lang.Exception: invalid configuration file.
	at com.gozap.spider.conf.Configuration.load(Configuration.java:72)
	at com.gozap.spider.EduerSpider.main(EduerSpider.java:31)
	at sun.reflect.NativeMethodAccessorImpl.invoke0(Native Method)
	at sun.reflect.NativeMethodAccessorImpl.invoke(NativeMethodAccessorImpl.java:39)
	at sun.reflect.DelegatingMethodAccessorImpl.invoke(DelegatingMethodAccessorImpl.java:25)
	at java.lang.reflect.Method.invoke(Method.java:597)
	at com.intellij.rt.execution.application.AppMain.main(AppMain.java:120)
